<?xml version="1.0" encoding="UTF-8"?>
<testsuite xmlns:xsi="http://www.w3.org/2001/XMLSchema-instance" xsi:noNamespaceSchemaLocation="https://maven.apache.org/surefire/maven-surefire-plugin/xsd/surefire-test-report.xsd" name="org.example.order.CreateNewOrderTest" time="2.544" tests="5" errors="0" skipped="0" failures="0">
  <properties>
[...]
</properties>
  <testcase name="orderCreation[0]" classname="org.example.order.CreateNewOrderTest" time="0.633"/>
  <testcase name="orderCreation[1]" classname="org.example.order.CreateNewOrderTest" time="0.425"/>
  <testcase name="orderCreation[2]" classname="org.example.order.CreateNewOrderTest" time="0.464"/>
  <testcase name="orderCreation[3]" classname="org.example.order.CreateNewOrderTest" time="0.47"/>
  <testcase name="orderCreation[4]" classname="org.example.order.CreateNewOrderTest" time="0.525"/>
</testsuite>